# JRE version: Java(TM) SE Runtime Environment (8.0_172-b11) (build 1.8.0_172-b11)
# Java VM: Java HotSpot(TM) 64-Bit Server VM (25.172-b11 mixed mode windows-amd64 compressed oops)
Heap:
 PSYoungGen      total 167424K, used 74035K [0x00000000eb000000, 0x00000000f9d80000, 0x0000000100000000)
  eden space 155648K, 40% used [0x00000000eb000000,0x00000000eeccf188,0x00000000f4800000)
  from space 11776K, 99% used [0x00000000f4800000,0x00000000f537da80,0x00000000f5380000)
  to   space 13824K, 0% used [0x00000000f9000000,0x00000000f9000000,0x00000000f9d80000)
 ParOldGen       total 57344K, used 16263K [0x00000000c1000000, 0x00000000c4800000, 0x00000000eb000000)
  object space 57344K, 28% used [0x00000000c1000000,0x00000000c1fe1d48,0x00000000c4800000)
 Metaspace       used 47658K, capacity 49714K, committed 49840K, reserved 1091584K
  class space    used 6389K, capacity 6763K, committed 6832K, reserved 1048576K
GC Heap History (10 events):
Event: 2.918 GC heap before
{Heap before GC invocations=7 (full 1):
 PSYoungGen      total 68096K, used 65536K [0x00000000eb000000, 0x00000000f3f00000, 0x0000000100000000)
  eden space 65536K, 100% used [0x00000000eb000000,0x00000000ef000000,0x00000000ef000000)
  from space 2560K, 0% used [0x00000000ef000000,0x00000000ef000000,0x00000000ef280000)
  to   space 7680K, 0% used [0x00000000f3780000,0x00000000f3780000,0x00000000f3f00000)
 ParOldGen       total 36864K, used 8056K [0x00000000c1000000, 0x00000000c3400000, 0x00000000eb000000)
  object space 36864K, 21% used [0x00000000c1000000,0x00000000c17de1f0,0x00000000c3400000)
 Metaspace       used 23869K, capacity 24490K, committed 24752K, reserved 1071104K
  class space    used 3078K, capacity 3227K, committed 3248K, reserved 1048576K
Event: 2.925 GC heap after
Heap after GC invocations=7 (full 1):
 PSYoungGen      total 107520K, used 4320K [0x00000000eb000000, 0x00000000f3c00000, 0x0000000100000000)
  eden space 102912K, 0% used [0x00000000eb000000,0x00000000eb000000,0x00000000f1480000)
  from space 4608K, 93% used [0x00000000f3780000,0x00000000f3bb8078,0x00000000f3c00000)
  to   space 7680K, 0% used [0x00000000f2d00000,0x00000000f2d00000,0x00000000f3480000)
 ParOldGen       total 36864K, used 8064K [0x00000000c1000000, 0x00000000c3400000, 0x00000000eb000000)
  object space 36864K, 21% used [0x00000000c1000000,0x00000000c17e01f0,0x00000000c3400000)
 Metaspace       used 23869K, capacity 24490K, committed 24752K, reserved 1071104K
  class space    used 3078K, capacity 3227K, committed 3248K, reserved 1048576K
}
Event: 4.351 GC heap before
{Heap before GC invocations=8 (full 1):
 PSYoungGen      total 107520K, used 107232K [0x00000000eb000000, 0x00000000f3c00000, 0x0000000100000000)
  eden space 102912K, 100% used [0x00000000eb000000,0x00000000f1480000,0x00000000f1480000)
  from space 4608K, 93% used [0x00000000f3780000,0x00000000f3bb8078,0x00000000f3c00000)
  to   space 7680K, 0% used [0x00000000f2d00000,0x00000000f2d00000,0x00000000f3480000)
 ParOldGen       total 36864K, used 8064K [0x00000000c1000000, 0x00000000c3400000, 0x00000000eb000000)
  object space 36864K, 21% used [0x00000000c1000000,0x00000000c17e01f0,0x00000000c3400000)
 Metaspace       used 29646K, capacity 30742K, committed 31024K, reserved 1077248K
  class space    used 3841K, capacity 4071K, committed 4144K, reserved 1048576K
Event: 4.364 GC heap after
Heap after GC invocations=8 (full 1):
 PSYoungGen      total 135680K, used 7676K [0x00000000eb000000, 0x00000000f5d00000, 0x0000000100000000)
  eden space 128000K, 0% used [0x00000000eb000000,0x00000000eb000000,0x00000000f2d00000)
  from space 7680K, 99% used [0x00000000f2d00000,0x00000000f347f330,0x00000000f3480000)
  to   space 9728K, 0% used [0x00000000f5380000,0x00000000f5380000,0x00000000f5d00000)
 ParOldGen       total 36864K, used 10397K [0x00000000c1000000, 0x00000000c3400000, 0x00000000eb000000)
  object space 36864K, 28% used [0x00000000c1000000,0x00000000c1a27640,0x00000000c3400000)
 Metaspace       used 29646K, capacity 30742K, committed 31024K, reserved 1077248K
  class space    used 3841K, capacity 4071K, committed 4144K, reserved 1048576K
}
Event: 5.107 GC heap before
{Heap before GC invocations=9 (full 1):
 PSYoungGen      total 135680K, used 67701K [0x00000000eb000000, 0x00000000f5d00000, 0x0000000100000000)
  eden space 128000K, 46% used [0x00000000eb000000,0x00000000eea9e328,0x00000000f2d00000)
  from space 7680K, 99% used [0x00000000f2d00000,0x00000000f347f330,0x00000000f3480000)
  to   space 9728K, 0% used [0x00000000f5380000,0x00000000f5380000,0x00000000f5d00000)
 ParOldGen       total 36864K, used 10397K [0x00000000c1000000, 0x00000000c3400000, 0x00000000eb000000)
  object space 36864K, 28% used [0x00000000c1000000,0x00000000c1a27640,0x00000000c3400000)
 Metaspace       used 34079K, capacity 35276K, committed 35496K, reserved 1081344K
  class space    used 4339K, capacity 4570K, committed 4656K, reserved 1048576K
Event: 5.117 GC heap after
Heap after GC invocations=9 (full 1):
 PSYoungGen      total 165376K, used 9726K [0x00000000eb000000, 0x00000000f8480000, 0x0000000100000000)
  eden space 155648K, 0% used [0x00000000eb000000,0x00000000eb000000,0x00000000f4800000)
  from space 9728K, 99% used [0x00000000f5380000,0x00000000f5cff9e0,0x00000000f5d00000)
  to   space 11776K, 0% used [0x00000000f4800000,0x00000000f4800000,0x00000000f5380000)
 ParOldGen       total 36864K, used 11742K [0x00000000c1000000, 0x00000000c3400000, 0x00000000eb000000)
  object space 36864K, 31% used [0x00000000c1000000,0x00000000c1b77918,0x00000000c3400000)
 Metaspace       used 34079K, capacity 35276K, committed 35496K, reserved 1081344K
  class space    used 4339K, capacity 4570K, committed 4656K, reserved 1048576K
}
Event: 5.117 GC heap before
{Heap before GC invocations=10 (full 2):
 PSYoungGen      total 165376K, used 9726K [0x00000000eb000000, 0x00000000f8480000, 0x0000000100000000)
  eden space 155648K, 0% used [0x00000000eb000000,0x00000000eb000000,0x00000000f4800000)
  from space 9728K, 99% used [0x00000000f5380000,0x00000000f5cff9e0,0x00000000f5d00000)
  to   space 11776K, 0% used [0x00000000f4800000,0x00000000f4800000,0x00000000f5380000)
 ParOldGen       total 36864K, used 11742K [0x00000000c1000000, 0x00000000c3400000, 0x00000000eb000000)
  object space 36864K, 31% used [0x00000000c1000000,0x00000000c1b77918,0x00000000c3400000)
 Metaspace       used 34079K, capacity 35276K, committed 35496K, reserved 1081344K
  class space    used 4339K, capacity 4570K, committed 4656K, reserved 1048576K
Event: 5.187 GC heap after
Heap after GC invocations=10 (full 2):
 PSYoungGen      total 165376K, used 0K [0x00000000eb000000, 0x00000000f8480000, 0x0000000100000000)
  eden space 155648K, 0% used [0x00000000eb000000,0x00000000eb000000,0x00000000f4800000)
  from space 9728K, 0% used [0x00000000f5380000,0x00000000f5380000,0x00000000f5d00000)
  to   space 11776K, 0% used [0x00000000f4800000,0x00000000f4800000,0x00000000f5380000)
 ParOldGen       total 57344K, used 15520K [0x00000000c1000000, 0x00000000c4800000, 0x00000000eb000000)
  object space 57344K, 27% used [0x00000000c1000000,0x00000000c1f282e0,0x00000000c4800000)
 Metaspace       used 34079K, capacity 35276K, committed 35496K, reserved 1081344K
  class space    used 4339K, capacity 4570K, committed 4656K, reserved 1048576K
}
Event: 7.104 GC heap before
{Heap before GC invocations=11 (full 2):
 PSYoungGen      total 165376K, used 155648K [0x00000000eb000000, 0x00000000f8480000, 0x0000000100000000)
  eden space 155648K, 100% used [0x00000000eb000000,0x00000000f4800000,0x00000000f4800000)
  from space 9728K, 0% used [0x00000000f5380000,0x00000000f5380000,0x00000000f5d00000)
  to   space 11776K, 0% used [0x00000000f4800000,0x00000000f4800000,0x00000000f5380000)
 ParOldGen       total 57344K, used 15520K [0x00000000c1000000, 0x00000000c4800000, 0x00000000eb000000)
  object space 57344K, 27% used [0x00000000c1000000,0x00000000c1f282e0,0x00000000c4800000)
 Metaspace       used 44984K, capacity 46572K, committed 46768K, reserved 1089536K
  class space    used 6006K, capacity 6306K, committed 6320K, reserved 1048576K
Event: 7.313 GC heap after
Heap after GC invocations=11 (full 2):
 PSYoungGen      total 167424K, used 11766K [0x00000000eb000000, 0x00000000f9d80000, 0x0000000100000000)
  eden space 155648K, 0% used [0x00000000eb000000,0x00000000eb000000,0x00000000f4800000)
  from space 11776K, 99% used [0x00000000f4800000,0x00000000f537da80,0x00000000f5380000)
  to   space 13824K, 0% used [0x00000000f9000000,0x00000000f9000000,0x00000000f9d80000)
 ParOldGen       total 57344K, used 16263K [0x00000000c1000000, 0x00000000c4800000, 0x00000000eb000000)
  object space 57344K, 28% used [0x00000000c1000000,0x00000000c1fe1d48,0x00000000c4800000)
 Metaspace       used 44984K, capacity 46572K, committed 46768K, reserved 1089536K
  class space    used 6006K, capacity 6306K, committed 6320K, reserved 1048576K
}

