# JRE version: Java(TM) SE Runtime Environment (8.0_172-b11) (build 1.8.0_172-b11)
# Java VM: Java HotSpot(TM) 64-Bit Server VM (25.172-b11 mixed mode windows-amd64 compressed oops)
Heap:
 PSYoungGen      total 193536K, used 11403K [0x00000000eb000000, 0x00000000f7f00000, 0x0000000100000000)
  eden space 183808K, 1% used [0x00000000eb000000,0x00000000eb32d530,0x00000000f6380000)
  from space 9728K, 83% used [0x00000000f6e00000,0x00000000f75f5920,0x00000000f7780000)
  to   space 10752K, 0% used [0x00000000f6380000,0x00000000f6380000,0x00000000f6e00000)
 ParOldGen       total 40960K, used 23170K [0x00000000c1000000, 0x00000000c3800000, 0x00000000eb000000)
  object space 40960K, 56% used [0x00000000c1000000,0x00000000c26a0ae0,0x00000000c3800000)
 Metaspace       used 51821K, capacity 54120K, committed 54272K, reserved 1095680K
  class space    used 6917K, capacity 7340K, committed 7424K, reserved 1048576K
GC Heap History (10 events):
Event: 5.589 GC heap before
{Heap before GC invocations=10 (full 1):
 PSYoungGen      total 126976K, used 126532K [0x00000000eb000000, 0x00000000f3a00000, 0x0000000100000000)
  eden space 121856K, 100% used [0x00000000eb000000,0x00000000f2700000,0x00000000f2700000)
  from space 5120K, 91% used [0x00000000f3500000,0x00000000f3991218,0x00000000f3a00000)
  to   space 7168K, 0% used [0x00000000f2c00000,0x00000000f2c00000,0x00000000f3300000)
 ParOldGen       total 26624K, used 5001K [0x00000000c1000000, 0x00000000c2a00000, 0x00000000eb000000)
  object space 26624K, 18% used [0x00000000c1000000,0x00000000c14e24a8,0x00000000c2a00000)
 Metaspace       used 30403K, capacity 31484K, committed 31616K, reserved 1077248K
  class space    used 3904K, capacity 4142K, committed 4224K, reserved 1048576K
Event: 5.601 GC heap after
Heap after GC invocations=10 (full 1):
 PSYoungGen      total 134144K, used 7163K [0x00000000eb000000, 0x00000000f7780000, 0x0000000100000000)
  eden space 126976K, 0% used [0x00000000eb000000,0x00000000eb000000,0x00000000f2c00000)
  from space 7168K, 99% used [0x00000000f2c00000,0x00000000f32fec70,0x00000000f3300000)
  to   space 9728K, 0% used [0x00000000f6e00000,0x00000000f6e00000,0x00000000f7780000)
 ParOldGen       total 26624K, used 8860K [0x00000000c1000000, 0x00000000c2a00000, 0x00000000eb000000)
  object space 26624K, 33% used [0x00000000c1000000,0x00000000c18a7370,0x00000000c2a00000)
 Metaspace       used 30403K, capacity 31484K, committed 31616K, reserved 1077248K
  class space    used 3904K, capacity 4142K, committed 4224K, reserved 1048576K
}
Event: 6.244 GC heap before
{Heap before GC invocations=11 (full 1):
 PSYoungGen      total 134144K, used 44273K [0x00000000eb000000, 0x00000000f7780000, 0x0000000100000000)
  eden space 126976K, 29% used [0x00000000eb000000,0x00000000ed43da38,0x00000000f2c00000)
  from space 7168K, 99% used [0x00000000f2c00000,0x00000000f32fec70,0x00000000f3300000)
  to   space 9728K, 0% used [0x00000000f6e00000,0x00000000f6e00000,0x00000000f7780000)
 ParOldGen       total 26624K, used 8860K [0x00000000c1000000, 0x00000000c2a00000, 0x00000000eb000000)
  object space 26624K, 33% used [0x00000000c1000000,0x00000000c18a7370,0x00000000c2a00000)
 Metaspace       used 34128K, capacity 35290K, committed 35416K, reserved 1081344K
  class space    used 4310K, capacity 4535K, committed 4608K, reserved 1048576K
Event: 6.253 GC heap after
Heap after GC invocations=11 (full 1):
 PSYoungGen      total 193536K, used 8796K [0x00000000eb000000, 0x00000000f7f00000, 0x0000000100000000)
  eden space 183808K, 0% used [0x00000000eb000000,0x00000000eb000000,0x00000000f6380000)
  from space 9728K, 90% used [0x00000000f6e00000,0x00000000f7697380,0x00000000f7780000)
  to   space 10752K, 0% used [0x00000000f6380000,0x00000000f6380000,0x00000000f6e00000)
 ParOldGen       total 26624K, used 10070K [0x00000000c1000000, 0x00000000c2a00000, 0x00000000eb000000)
  object space 26624K, 37% used [0x00000000c1000000,0x00000000c19d5aa8,0x00000000c2a00000)
 Metaspace       used 34128K, capacity 35290K, committed 35416K, reserved 1081344K
  class space    used 4310K, capacity 4535K, committed 4608K, reserved 1048576K
}
Event: 6.253 GC heap before
{Heap before GC invocations=12 (full 2):
 PSYoungGen      total 193536K, used 8796K [0x00000000eb000000, 0x00000000f7f00000, 0x0000000100000000)
  eden space 183808K, 0% used [0x00000000eb000000,0x00000000eb000000,0x00000000f6380000)
  from space 9728K, 90% used [0x00000000f6e00000,0x00000000f7697380,0x00000000f7780000)
  to   space 10752K, 0% used [0x00000000f6380000,0x00000000f6380000,0x00000000f6e00000)
 ParOldGen       total 26624K, used 10070K [0x00000000c1000000, 0x00000000c2a00000, 0x00000000eb000000)
  object space 26624K, 37% used [0x00000000c1000000,0x00000000c19d5aa8,0x00000000c2a00000)
 Metaspace       used 34128K, capacity 35290K, committed 35416K, reserved 1081344K
  class space    used 4310K, capacity 4535K, committed 4608K, reserved 1048576K
Event: 6.298 GC heap after
Heap after GC invocations=12 (full 2):
 PSYoungGen      total 193536K, used 0K [0x00000000eb000000, 0x00000000f7f00000, 0x0000000100000000)
  eden space 183808K, 0% used [0x00000000eb000000,0x00000000eb000000,0x00000000f6380000)
  from space 9728K, 0% used [0x00000000f6e00000,0x00000000f6e00000,0x00000000f7780000)
  to   space 10752K, 0% used [0x00000000f6380000,0x00000000f6380000,0x00000000f6e00000)
 ParOldGen       total 40960K, used 14684K [0x00000000c1000000, 0x00000000c3800000, 0x00000000eb000000)
  object space 40960K, 35% used [0x00000000c1000000,0x00000000c1e573d8,0x00000000c3800000)
 Metaspace       used 34128K, capacity 35290K, committed 35416K, reserved 1081344K
  class space    used 4310K, capacity 4535K, committed 4608K, reserved 1048576K
}
Event: 8.456 GC heap before
{Heap before GC invocations=13 (full 2):
 PSYoungGen      total 193536K, used 183808K [0x00000000eb000000, 0x00000000f7f00000, 0x0000000100000000)
  eden space 183808K, 100% used [0x00000000eb000000,0x00000000f6380000,0x00000000f6380000)
  from space 9728K, 0% used [0x00000000f6e00000,0x00000000f6e00000,0x00000000f7780000)
  to   space 10752K, 0% used [0x00000000f6380000,0x00000000f6380000,0x00000000f6e00000)
 ParOldGen       total 40960K, used 14684K [0x00000000c1000000, 0x00000000c3800000, 0x00000000eb000000)
  object space 40960K, 35% used [0x00000000c1000000,0x00000000c1e573d8,0x00000000c3800000)
 Metaspace       used 47141K, capacity 48910K, committed 49152K, reserved 1091584K
  class space    used 6249K, capacity 6587K, committed 6656K, reserved 1048576K
Event: 8.478 GC heap after
Heap after GC invocations=13 (full 2):
 PSYoungGen      total 194560K, used 10749K [0x00000000eb000000, 0x00000000f7f00000, 0x0000000100000000)
  eden space 183808K, 0% used [0x00000000eb000000,0x00000000eb000000,0x00000000f6380000)
  from space 10752K, 99% used [0x00000000f6380000,0x00000000f6dff5c8,0x00000000f6e00000)
  to   space 9728K, 0% used [0x00000000f6e00000,0x00000000f6e00000,0x00000000f7780000)
 ParOldGen       total 40960K, used 18706K [0x00000000c1000000, 0x00000000c3800000, 0x00000000eb000000)
  object space 40960K, 45% used [0x00000000c1000000,0x00000000c2244970,0x00000000c3800000)
 Metaspace       used 47141K, capacity 48910K, committed 49152K, reserved 1091584K
  class space    used 6249K, capacity 6587K, committed 6656K, reserved 1048576K
}
Event: 11.112 GC heap before
{Heap before GC invocations=14 (full 2):
 PSYoungGen      total 194560K, used 194557K [0x00000000eb000000, 0x00000000f7f00000, 0x0000000100000000)
  eden space 183808K, 100% used [0x00000000eb000000,0x00000000f6380000,0x00000000f6380000)
  from space 10752K, 99% used [0x00000000f6380000,0x00000000f6dff5c8,0x00000000f6e00000)
  to   space 9728K, 0% used [0x00000000f6e00000,0x00000000f6e00000,0x00000000f7780000)
 ParOldGen       total 40960K, used 18706K [0x00000000c1000000, 0x00000000c3800000, 0x00000000eb000000)
  object space 40960K, 45% used [0x00000000c1000000,0x00000000c2244970,0x00000000c3800000)
 Metaspace       used 51763K, capacity 54024K, committed 54272K, reserved 1095680K
  class space    used 6907K, capacity 7308K, committed 7424K, reserved 1048576K
Event: 11.140 GC heap after
Heap after GC invocations=14 (full 2):
 PSYoungGen      total 193536K, used 8150K [0x00000000eb000000, 0x00000000f7f00000, 0x0000000100000000)
  eden space 183808K, 0% used [0x00000000eb000000,0x00000000eb000000,0x00000000f6380000)
  from space 9728K, 83% used [0x00000000f6e00000,0x00000000f75f5920,0x00000000f7780000)
  to   space 10752K, 0% used [0x00000000f6380000,0x00000000f6380000,0x00000000f6e00000)
 ParOldGen       total 40960K, used 23170K [0x00000000c1000000, 0x00000000c3800000, 0x00000000eb000000)
  object space 40960K, 56% used [0x00000000c1000000,0x00000000c26a0ae0,0x00000000c3800000)
 Metaspace       used 51763K, capacity 54024K, committed 54272K, reserved 1095680K
  class space    used 6907K, capacity 7308K, committed 7424K, reserved 1048576K
}

