# JRE version: Java(TM) SE Runtime Environment (8.0_172-b11) (build 1.8.0_172-b11)
# Java VM: Java HotSpot(TM) 64-Bit Server VM (25.172-b11 mixed mode windows-amd64 compressed oops)
Heap:
 PSYoungGen      total 226304K, used 48266K [0x00000000eb000000, 0x00000000f9e00000, 0x0000000100000000)
  eden space 216064K, 17% used [0x00000000eb000000,0x00000000ed5a89e8,0x00000000f8300000)
  from space 10240K, 94% used [0x00000000f9400000,0x00000000f9d7a128,0x00000000f9e00000)
  to   space 13824K, 0% used [0x00000000f8300000,0x00000000f8300000,0x00000000f9080000)
 ParOldGen       total 47104K, used 21560K [0x00000000c1000000, 0x00000000c3e00000, 0x00000000eb000000)
  object space 47104K, 45% used [0x00000000c1000000,0x00000000c250e1b0,0x00000000c3e00000)
 Metaspace       used 51963K, capacity 54306K, committed 54576K, reserved 1095680K
  class space    used 7007K, capacity 7417K, committed 7472K, reserved 1048576K
GC Heap History (10 events):
Event: 3.791 GC heap before
{Heap before GC invocations=10 (full 1):
 PSYoungGen      total 118784K, used 118351K [0x00000000eb000000, 0x00000000f3980000, 0x0000000100000000)
  eden space 114176K, 100% used [0x00000000eb000000,0x00000000f1f80000,0x00000000f1f80000)
  from space 4608K, 90% used [0x00000000f3500000,0x00000000f3913fb8,0x00000000f3980000)
  to   space 6656K, 0% used [0x00000000f2c80000,0x00000000f2c80000,0x00000000f3300000)
 ParOldGen       total 28672K, used 5178K [0x00000000c1000000, 0x00000000c2c00000, 0x00000000eb000000)
  object space 28672K, 18% used [0x00000000c1000000,0x00000000c150ea10,0x00000000c2c00000)
 Metaspace       used 29913K, capacity 31004K, committed 31280K, reserved 1077248K
  class space    used 3891K, capacity 4110K, committed 4144K, reserved 1048576K
Event: 3.804 GC heap after
Heap after GC invocations=10 (full 1):
 PSYoungGen      total 134144K, used 6630K [0x00000000eb000000, 0x00000000f6280000, 0x0000000100000000)
  eden space 127488K, 0% used [0x00000000eb000000,0x00000000eb000000,0x00000000f2c80000)
  from space 6656K, 99% used [0x00000000f2c80000,0x00000000f32f9b18,0x00000000f3300000)
  to   space 9216K, 0% used [0x00000000f5980000,0x00000000f5980000,0x00000000f6280000)
 ParOldGen       total 28672K, used 9137K [0x00000000c1000000, 0x00000000c2c00000, 0x00000000eb000000)
  object space 28672K, 31% used [0x00000000c1000000,0x00000000c18ec6f8,0x00000000c2c00000)
 Metaspace       used 29913K, capacity 31004K, committed 31280K, reserved 1077248K
  class space    used 3891K, capacity 4110K, committed 4144K, reserved 1048576K
}
Event: 4.424 GC heap before
{Heap before GC invocations=11 (full 1):
 PSYoungGen      total 134144K, used 55996K [0x00000000eb000000, 0x00000000f6280000, 0x0000000100000000)
  eden space 127488K, 38% used [0x00000000eb000000,0x00000000ee0358c0,0x00000000f2c80000)
  from space 6656K, 99% used [0x00000000f2c80000,0x00000000f32f9b18,0x00000000f3300000)
  to   space 9216K, 0% used [0x00000000f5980000,0x00000000f5980000,0x00000000f6280000)
 ParOldGen       total 28672K, used 9137K [0x00000000c1000000, 0x00000000c2c00000, 0x00000000eb000000)
  object space 28672K, 31% used [0x00000000c1000000,0x00000000c18ec6f8,0x00000000c2c00000)
 Metaspace       used 34134K, capacity 35304K, committed 35496K, reserved 1081344K
  class space    used 4357K, capacity 4602K, committed 4656K, reserved 1048576K
Event: 4.436 GC heap after
Heap after GC invocations=11 (full 1):
 PSYoungGen      total 172032K, used 9203K [0x00000000eb000000, 0x00000000f7680000, 0x0000000100000000)
  eden space 162816K, 0% used [0x00000000eb000000,0x00000000eb000000,0x00000000f4f00000)
  from space 9216K, 99% used [0x00000000f5980000,0x00000000f627cea8,0x00000000f6280000)
  to   space 10752K, 0% used [0x00000000f4f00000,0x00000000f4f00000,0x00000000f5980000)
 ParOldGen       total 28672K, used 10667K [0x00000000c1000000, 0x00000000c2c00000, 0x00000000eb000000)
  object space 28672K, 37% used [0x00000000c1000000,0x00000000c1a6ad98,0x00000000c2c00000)
 Metaspace       used 34134K, capacity 35304K, committed 35496K, reserved 1081344K
  class space    used 4357K, capacity 4602K, committed 4656K, reserved 1048576K
}
Event: 4.436 GC heap before
{Heap before GC invocations=12 (full 2):
 PSYoungGen      total 172032K, used 9203K [0x00000000eb000000, 0x00000000f7680000, 0x0000000100000000)
  eden space 162816K, 0% used [0x00000000eb000000,0x00000000eb000000,0x00000000f4f00000)
  from space 9216K, 99% used [0x00000000f5980000,0x00000000f627cea8,0x00000000f6280000)
  to   space 10752K, 0% used [0x00000000f4f00000,0x00000000f4f00000,0x00000000f5980000)
 ParOldGen       total 28672K, used 10667K [0x00000000c1000000, 0x00000000c2c00000, 0x00000000eb000000)
  object space 28672K, 37% used [0x00000000c1000000,0x00000000c1a6ad98,0x00000000c2c00000)
 Metaspace       used 34134K, capacity 35304K, committed 35496K, reserved 1081344K
  class space    used 4357K, capacity 4602K, committed 4656K, reserved 1048576K
Event: 4.492 GC heap after
Heap after GC invocations=12 (full 2):
 PSYoungGen      total 172032K, used 0K [0x00000000eb000000, 0x00000000f7680000, 0x0000000100000000)
  eden space 162816K, 0% used [0x00000000eb000000,0x00000000eb000000,0x00000000f4f00000)
  from space 9216K, 0% used [0x00000000f5980000,0x00000000f5980000,0x00000000f6280000)
  to   space 10752K, 0% used [0x00000000f4f00000,0x00000000f4f00000,0x00000000f5980000)
 ParOldGen       total 47104K, used 15414K [0x00000000c1000000, 0x00000000c3e00000, 0x00000000eb000000)
  object space 47104K, 32% used [0x00000000c1000000,0x00000000c1f0d868,0x00000000c3e00000)
 Metaspace       used 34134K, capacity 35304K, committed 35496K, reserved 1081344K
  class space    used 4357K, capacity 4602K, committed 4656K, reserved 1048576K
}
Event: 5.914 GC heap before
{Heap before GC invocations=13 (full 2):
 PSYoungGen      total 172032K, used 162816K [0x00000000eb000000, 0x00000000f7680000, 0x0000000100000000)
  eden space 162816K, 100% used [0x00000000eb000000,0x00000000f4f00000,0x00000000f4f00000)
  from space 9216K, 0% used [0x00000000f5980000,0x00000000f5980000,0x00000000f6280000)
  to   space 10752K, 0% used [0x00000000f4f00000,0x00000000f4f00000,0x00000000f5980000)
 ParOldGen       total 47104K, used 15414K [0x00000000c1000000, 0x00000000c3e00000, 0x00000000eb000000)
  object space 47104K, 32% used [0x00000000c1000000,0x00000000c1f0d868,0x00000000c3e00000)
 Metaspace       used 45477K, capacity 47156K, committed 47408K, reserved 1089536K
  class space    used 6089K, capacity 6400K, committed 6448K, reserved 1048576K
Event: 5.927 GC heap after
Heap after GC invocations=13 (full 2):
 PSYoungGen      total 173568K, used 10741K [0x00000000eb000000, 0x00000000fa100000, 0x0000000100000000)
  eden space 162816K, 0% used [0x00000000eb000000,0x00000000eb000000,0x00000000f4f00000)
  from space 10752K, 99% used [0x00000000f4f00000,0x00000000f597d750,0x00000000f5980000)
  to   space 13312K, 0% used [0x00000000f9400000,0x00000000f9400000,0x00000000fa100000)
 ParOldGen       total 47104K, used 17608K [0x00000000c1000000, 0x00000000c3e00000, 0x00000000eb000000)
  object space 47104K, 37% used [0x00000000c1000000,0x00000000c2132060,0x00000000c3e00000)
 Metaspace       used 45477K, capacity 47156K, committed 47408K, reserved 1089536K
  class space    used 6089K, capacity 6400K, committed 6448K, reserved 1048576K
}
Event: 7.962 GC heap before
{Heap before GC invocations=14 (full 2):
 PSYoungGen      total 173568K, used 173557K [0x00000000eb000000, 0x00000000fa100000, 0x0000000100000000)
  eden space 162816K, 100% used [0x00000000eb000000,0x00000000f4f00000,0x00000000f4f00000)
  from space 10752K, 99% used [0x00000000f4f00000,0x00000000f597d750,0x00000000f5980000)
  to   space 13312K, 0% used [0x00000000f9400000,0x00000000f9400000,0x00000000fa100000)
 ParOldGen       total 47104K, used 17608K [0x00000000c1000000, 0x00000000c3e00000, 0x00000000eb000000)
  object space 47104K, 37% used [0x00000000c1000000,0x00000000c2132060,0x00000000c3e00000)
 Metaspace       used 49860K, capacity 52044K, committed 52144K, reserved 1093632K
  class space    used 6700K, capacity 7068K, committed 7088K, reserved 1048576K
Event: 7.985 GC heap after
Heap after GC invocations=14 (full 2):
 PSYoungGen      total 226304K, used 9704K [0x00000000eb000000, 0x00000000f9e00000, 0x0000000100000000)
  eden space 216064K, 0% used [0x00000000eb000000,0x00000000eb000000,0x00000000f8300000)
  from space 10240K, 94% used [0x00000000f9400000,0x00000000f9d7a128,0x00000000f9e00000)
  to   space 13824K, 0% used [0x00000000f8300000,0x00000000f8300000,0x00000000f9080000)
 ParOldGen       total 47104K, used 21560K [0x00000000c1000000, 0x00000000c3e00000, 0x00000000eb000000)
  object space 47104K, 45% used [0x00000000c1000000,0x00000000c250e1b0,0x00000000c3e00000)
 Metaspace       used 49860K, capacity 52044K, committed 52144K, reserved 1093632K
  class space    used 6700K, capacity 7068K, committed 7088K, reserved 1048576K
}

