# JRE version: Java(TM) SE Runtime Environment (8.0_172-b11) (build 1.8.0_172-b11)
# Java VM: Java HotSpot(TM) 64-Bit Server VM (25.172-b11 mixed mode windows-amd64 compressed oops)
Heap:
 PSYoungGen      total 165888K, used 29338K [0x00000000eb000000, 0x00000000f7400000, 0x0000000100000000)
  eden space 156672K, 18% used [0x00000000eb000000,0x00000000ecca6b18,0x00000000f4900000)
  from space 9216K, 0% used [0x00000000f5400000,0x00000000f5400000,0x00000000f5d00000)
  to   space 11264K, 0% used [0x00000000f4900000,0x00000000f4900000,0x00000000f5400000)
 ParOldGen       total 50176K, used 16278K [0x00000000c1000000, 0x00000000c4100000, 0x00000000eb000000)
  object space 50176K, 32% used [0x00000000c1000000,0x00000000c1fe5b08,0x00000000c4100000)
 Metaspace       used 36462K, capacity 37672K, committed 37888K, reserved 1081344K
  class space    used 4765K, capacity 5024K, committed 5120K, reserved 1048576K
GC Heap History (10 events):
Event: 2.675 GC heap before
{Heap before GC invocations=8 (full 1):
 PSYoungGen      total 71680K, used 2552K [0x00000000eb000000, 0x00000000f3c00000, 0x0000000100000000)
  eden space 64512K, 0% used [0x00000000eb000000,0x00000000eb000000,0x00000000eef00000)
  from space 7168K, 35% used [0x00000000eef00000,0x00000000ef17e230,0x00000000ef600000)
  to   space 7168K, 0% used [0x00000000f3500000,0x00000000f3500000,0x00000000f3c00000)
 ParOldGen       total 44032K, used 8587K [0x00000000c1000000, 0x00000000c3b00000, 0x00000000eb000000)
  object space 44032K, 19% used [0x00000000c1000000,0x00000000c1862ff8,0x00000000c3b00000)
 Metaspace       used 20953K, capacity 21482K, committed 21628K, reserved 1069056K
  class space    used 2669K, capacity 2789K, committed 2816K, reserved 1048576K
Event: 2.709 GC heap after
Heap after GC invocations=8 (full 1):
 PSYoungGen      total 71680K, used 0K [0x00000000eb000000, 0x00000000f3c00000, 0x0000000100000000)
  eden space 64512K, 0% used [0x00000000eb000000,0x00000000eb000000,0x00000000eef00000)
  from space 7168K, 0% used [0x00000000eef00000,0x00000000eef00000,0x00000000ef600000)
  to   space 7168K, 0% used [0x00000000f3500000,0x00000000f3500000,0x00000000f3c00000)
 ParOldGen       total 30208K, used 6934K [0x00000000c1000000, 0x00000000c2d80000, 0x00000000eb000000)
  object space 30208K, 22% used [0x00000000c1000000,0x00000000c16c5a20,0x00000000c2d80000)
 Metaspace       used 20953K, capacity 21482K, committed 21628K, reserved 1069056K
  class space    used 2669K, capacity 2789K, committed 2816K, reserved 1048576K
}
Event: 3.094 GC heap before
{Heap before GC invocations=9 (full 1):
 PSYoungGen      total 71680K, used 64512K [0x00000000eb000000, 0x00000000f3c00000, 0x0000000100000000)
  eden space 64512K, 100% used [0x00000000eb000000,0x00000000eef00000,0x00000000eef00000)
  from space 7168K, 0% used [0x00000000eef00000,0x00000000eef00000,0x00000000ef600000)
  to   space 7168K, 0% used [0x00000000f3500000,0x00000000f3500000,0x00000000f3c00000)
 ParOldGen       total 30208K, used 6934K [0x00000000c1000000, 0x00000000c2d80000, 0x00000000eb000000)
  object space 30208K, 22% used [0x00000000c1000000,0x00000000c16c5a20,0x00000000c2d80000)
 Metaspace       used 24188K, capacity 24926K, committed 25088K, reserved 1071104K
  class space    used 3101K, capacity 3271K, committed 3328K, reserved 1048576K
Event: 3.102 GC heap after
Heap after GC invocations=9 (full 1):
 PSYoungGen      total 117248K, used 4639K [0x00000000eb000000, 0x00000000f3a00000, 0x0000000100000000)
  eden space 112128K, 0% used [0x00000000eb000000,0x00000000eb000000,0x00000000f1d80000)
  from space 5120K, 90% used [0x00000000f3500000,0x00000000f3987f40,0x00000000f3a00000)
  to   space 7168K, 0% used [0x00000000f2c00000,0x00000000f2c00000,0x00000000f3300000)
 ParOldGen       total 30208K, used 6942K [0x00000000c1000000, 0x00000000c2d80000, 0x00000000eb000000)
  object space 30208K, 22% used [0x00000000c1000000,0x00000000c16c7a20,0x00000000c2d80000)
 Metaspace       used 24188K, capacity 24926K, committed 25088K, reserved 1071104K
  class space    used 3101K, capacity 3271K, committed 3328K, reserved 1048576K
}
Event: 4.693 GC heap before
{Heap before GC invocations=10 (full 1):
 PSYoungGen      total 117248K, used 116767K [0x00000000eb000000, 0x00000000f3a00000, 0x0000000100000000)
  eden space 112128K, 100% used [0x00000000eb000000,0x00000000f1d80000,0x00000000f1d80000)
  from space 5120K, 90% used [0x00000000f3500000,0x00000000f3987f40,0x00000000f3a00000)
  to   space 7168K, 0% used [0x00000000f2c00000,0x00000000f2c00000,0x00000000f3300000)
 ParOldGen       total 30208K, used 6942K [0x00000000c1000000, 0x00000000c2d80000, 0x00000000eb000000)
  object space 30208K, 22% used [0x00000000c1000000,0x00000000c16c7a20,0x00000000c2d80000)
 Metaspace       used 29827K, capacity 30934K, committed 31104K, reserved 1077248K
  class space    used 3870K, capacity 4109K, committed 4224K, reserved 1048576K
Event: 4.704 GC heap after
Heap after GC invocations=10 (full 1):
 PSYoungGen      total 134144K, used 7137K [0x00000000eb000000, 0x00000000f5d00000, 0x0000000100000000)
  eden space 126976K, 0% used [0x00000000eb000000,0x00000000eb000000,0x00000000f2c00000)
  from space 7168K, 99% used [0x00000000f2c00000,0x00000000f32f8518,0x00000000f3300000)
  to   space 9216K, 0% used [0x00000000f5400000,0x00000000f5400000,0x00000000f5d00000)
 ParOldGen       total 30208K, used 10097K [0x00000000c1000000, 0x00000000c2d80000, 0x00000000eb000000)
  object space 30208K, 33% used [0x00000000c1000000,0x00000000c19dc610,0x00000000c2d80000)
 Metaspace       used 29827K, capacity 30934K, committed 31104K, reserved 1077248K
  class space    used 3870K, capacity 4109K, committed 4224K, reserved 1048576K
}
Event: 5.501 GC heap before
{Heap before GC invocations=11 (full 1):
 PSYoungGen      total 134144K, used 66949K [0x00000000eb000000, 0x00000000f5d00000, 0x0000000100000000)
  eden space 126976K, 47% used [0x00000000eb000000,0x00000000eea690c8,0x00000000f2c00000)
  from space 7168K, 99% used [0x00000000f2c00000,0x00000000f32f8518,0x00000000f3300000)
  to   space 9216K, 0% used [0x00000000f5400000,0x00000000f5400000,0x00000000f5d00000)
 ParOldGen       total 30208K, used 10097K [0x00000000c1000000, 0x00000000c2d80000, 0x00000000eb000000)
  object space 30208K, 33% used [0x00000000c1000000,0x00000000c19dc610,0x00000000c2d80000)
 Metaspace       used 34713K, capacity 35894K, committed 36048K, reserved 1081344K
  class space    used 4419K, capacity 4669K, committed 4736K, reserved 1048576K
Event: 5.516 GC heap after
Heap after GC invocations=11 (full 1):
 PSYoungGen      total 165888K, used 9189K [0x00000000eb000000, 0x00000000f7400000, 0x0000000100000000)
  eden space 156672K, 0% used [0x00000000eb000000,0x00000000eb000000,0x00000000f4900000)
  from space 9216K, 99% used [0x00000000f5400000,0x00000000f5cf9608,0x00000000f5d00000)
  to   space 11264K, 0% used [0x00000000f4900000,0x00000000f4900000,0x00000000f5400000)
 ParOldGen       total 30208K, used 12711K [0x00000000c1000000, 0x00000000c2d80000, 0x00000000eb000000)
  object space 30208K, 42% used [0x00000000c1000000,0x00000000c1c69d38,0x00000000c2d80000)
 Metaspace       used 34713K, capacity 35894K, committed 36048K, reserved 1081344K
  class space    used 4419K, capacity 4669K, committed 4736K, reserved 1048576K
}
Event: 5.516 GC heap before
{Heap before GC invocations=12 (full 2):
 PSYoungGen      total 165888K, used 9189K [0x00000000eb000000, 0x00000000f7400000, 0x0000000100000000)
  eden space 156672K, 0% used [0x00000000eb000000,0x00000000eb000000,0x00000000f4900000)
  from space 9216K, 99% used [0x00000000f5400000,0x00000000f5cf9608,0x00000000f5d00000)
  to   space 11264K, 0% used [0x00000000f4900000,0x00000000f4900000,0x00000000f5400000)
 ParOldGen       total 30208K, used 12711K [0x00000000c1000000, 0x00000000c2d80000, 0x00000000eb000000)
  object space 30208K, 42% used [0x00000000c1000000,0x00000000c1c69d38,0x00000000c2d80000)
 Metaspace       used 34713K, capacity 35894K, committed 36048K, reserved 1081344K
  class space    used 4419K, capacity 4669K, committed 4736K, reserved 1048576K
Event: 5.599 GC heap after
Heap after GC invocations=12 (full 2):
 PSYoungGen      total 165888K, used 0K [0x00000000eb000000, 0x00000000f7400000, 0x0000000100000000)
  eden space 156672K, 0% used [0x00000000eb000000,0x00000000eb000000,0x00000000f4900000)
  from space 9216K, 0% used [0x00000000f5400000,0x00000000f5400000,0x00000000f5d00000)
  to   space 11264K, 0% used [0x00000000f4900000,0x00000000f4900000,0x00000000f5400000)
 ParOldGen       total 50176K, used 16278K [0x00000000c1000000, 0x00000000c4100000, 0x00000000eb000000)
  object space 50176K, 32% used [0x00000000c1000000,0x00000000c1fe5b08,0x00000000c4100000)
 Metaspace       used 34713K, capacity 35894K, committed 36048K, reserved 1081344K
  class space    used 4419K, capacity 4669K, committed 4736K, reserved 1048576K
}

