# JRE version: Java(TM) SE Runtime Environment (8.0_172-b11) (build 1.8.0_172-b11)
# Java VM: Java HotSpot(TM) 64-Bit Server VM (25.172-b11 mixed mode windows-amd64 compressed oops)
Heap:
 PSYoungGen      total 193024K, used 71548K [0x00000000eb000000, 0x00000000fcc80000, 0x0000000100000000)
  eden space 182272K, 33% used [0x00000000eb000000,0x00000000eeb650d0,0x00000000f6200000)
  from space 10752K, 99% used [0x00000000f6200000,0x00000000f6c7a2d0,0x00000000f6c80000)
  to   space 13824K, 0% used [0x00000000fbf00000,0x00000000fbf00000,0x00000000fcc80000)
 ParOldGen       total 41984K, used 19161K [0x00000000c1000000, 0x00000000c3900000, 0x00000000eb000000)
  object space 41984K, 45% used [0x00000000c1000000,0x00000000c22b65d8,0x00000000c3900000)
 Metaspace       used 48059K, capacity 50132K, committed 50352K, reserved 1093632K
  class space    used 6447K, capacity 6808K, committed 6832K, reserved 1048576K
GC Heap History (10 events):
Event: 2.739 GC heap before
{Heap before GC invocations=9 (full 1):
 PSYoungGen      total 71680K, used 64512K [0x00000000eb000000, 0x00000000f3c00000, 0x0000000100000000)
  eden space 64512K, 100% used [0x00000000eb000000,0x00000000eef00000,0x00000000eef00000)
  from space 7168K, 0% used [0x00000000eef00000,0x00000000eef00000,0x00000000ef600000)
  to   space 7168K, 0% used [0x00000000f3500000,0x00000000f3500000,0x00000000f3c00000)
 ParOldGen       total 26624K, used 5033K [0x00000000c1000000, 0x00000000c2a00000, 0x00000000eb000000)
  object space 26624K, 18% used [0x00000000c1000000,0x00000000c14ea598,0x00000000c2a00000)
 Metaspace       used 23988K, capacity 24674K, committed 24880K, reserved 1071104K
  class space    used 3094K, capacity 3261K, committed 3376K, reserved 1048576K
Event: 2.746 GC heap after
Heap after GC invocations=9 (full 1):
 PSYoungGen      total 125952K, used 4596K [0x00000000eb000000, 0x00000000f3980000, 0x0000000100000000)
  eden space 121344K, 0% used [0x00000000eb000000,0x00000000eb000000,0x00000000f2680000)
  from space 4608K, 99% used [0x00000000f3500000,0x00000000f397d060,0x00000000f3980000)
  to   space 7168K, 0% used [0x00000000f2b80000,0x00000000f2b80000,0x00000000f3280000)
 ParOldGen       total 26624K, used 5041K [0x00000000c1000000, 0x00000000c2a00000, 0x00000000eb000000)
  object space 26624K, 18% used [0x00000000c1000000,0x00000000c14ec598,0x00000000c2a00000)
 Metaspace       used 23988K, capacity 24674K, committed 24880K, reserved 1071104K
  class space    used 3094K, capacity 3261K, committed 3376K, reserved 1048576K
}
Event: 4.336 GC heap before
{Heap before GC invocations=10 (full 1):
 PSYoungGen      total 125952K, used 125940K [0x00000000eb000000, 0x00000000f3980000, 0x0000000100000000)
  eden space 121344K, 100% used [0x00000000eb000000,0x00000000f2680000,0x00000000f2680000)
  from space 4608K, 99% used [0x00000000f3500000,0x00000000f397d060,0x00000000f3980000)
  to   space 7168K, 0% used [0x00000000f2b80000,0x00000000f2b80000,0x00000000f3280000)
 ParOldGen       total 26624K, used 5041K [0x00000000c1000000, 0x00000000c2a00000, 0x00000000eb000000)
  object space 26624K, 18% used [0x00000000c1000000,0x00000000c14ec598,0x00000000c2a00000)
 Metaspace       used 30146K, capacity 31308K, committed 31664K, reserved 1077248K
  class space    used 3929K, capacity 4158K, committed 4272K, reserved 1048576K
Event: 4.348 GC heap after
Heap after GC invocations=10 (full 1):
 PSYoungGen      total 133632K, used 7164K [0x00000000eb000000, 0x00000000f7600000, 0x0000000100000000)
  eden space 126464K, 0% used [0x00000000eb000000,0x00000000eb000000,0x00000000f2b80000)
  from space 7168K, 99% used [0x00000000f2b80000,0x00000000f327f2d8,0x00000000f3280000)
  to   space 9728K, 0% used [0x00000000f6c80000,0x00000000f6c80000,0x00000000f7600000)
 ParOldGen       total 26624K, used 8984K [0x00000000c1000000, 0x00000000c2a00000, 0x00000000eb000000)
  object space 26624K, 33% used [0x00000000c1000000,0x00000000c18c6020,0x00000000c2a00000)
 Metaspace       used 30146K, capacity 31308K, committed 31664K, reserved 1077248K
  class space    used 3929K, capacity 4158K, committed 4272K, reserved 1048576K
}
Event: 5.137 GC heap before
{Heap before GC invocations=11 (full 1):
 PSYoungGen      total 133632K, used 47209K [0x00000000eb000000, 0x00000000f7600000, 0x0000000100000000)
  eden space 126464K, 31% used [0x00000000eb000000,0x00000000ed71b478,0x00000000f2b80000)
  from space 7168K, 99% used [0x00000000f2b80000,0x00000000f327f2d8,0x00000000f3280000)
  to   space 9728K, 0% used [0x00000000f6c80000,0x00000000f6c80000,0x00000000f7600000)
 ParOldGen       total 26624K, used 8984K [0x00000000c1000000, 0x00000000c2a00000, 0x00000000eb000000)
  object space 26624K, 33% used [0x00000000c1000000,0x00000000c18c6020,0x00000000c2a00000)
 Metaspace       used 34079K, capacity 35280K, committed 35496K, reserved 1081344K
  class space    used 4339K, capacity 4570K, committed 4656K, reserved 1048576K
Event: 5.148 GC heap after
Heap after GC invocations=11 (full 1):
 PSYoungGen      total 192000K, used 9557K [0x00000000eb000000, 0x00000000f7d00000, 0x0000000100000000)
  eden space 182272K, 0% used [0x00000000eb000000,0x00000000eb000000,0x00000000f6200000)
  from space 9728K, 98% used [0x00000000f6c80000,0x00000000f75d54c8,0x00000000f7600000)
  to   space 10752K, 0% used [0x00000000f6200000,0x00000000f6200000,0x00000000f6c80000)
 ParOldGen       total 26624K, used 10145K [0x00000000c1000000, 0x00000000c2a00000, 0x00000000eb000000)
  object space 26624K, 38% used [0x00000000c1000000,0x00000000c19e8758,0x00000000c2a00000)
 Metaspace       used 34079K, capacity 35280K, committed 35496K, reserved 1081344K
  class space    used 4339K, capacity 4570K, committed 4656K, reserved 1048576K
}
Event: 5.148 GC heap before
{Heap before GC invocations=12 (full 2):
 PSYoungGen      total 192000K, used 9557K [0x00000000eb000000, 0x00000000f7d00000, 0x0000000100000000)
  eden space 182272K, 0% used [0x00000000eb000000,0x00000000eb000000,0x00000000f6200000)
  from space 9728K, 98% used [0x00000000f6c80000,0x00000000f75d54c8,0x00000000f7600000)
  to   space 10752K, 0% used [0x00000000f6200000,0x00000000f6200000,0x00000000f6c80000)
 ParOldGen       total 26624K, used 10145K [0x00000000c1000000, 0x00000000c2a00000, 0x00000000eb000000)
  object space 26624K, 38% used [0x00000000c1000000,0x00000000c19e8758,0x00000000c2a00000)
 Metaspace       used 34079K, capacity 35280K, committed 35496K, reserved 1081344K
  class space    used 4339K, capacity 4570K, committed 4656K, reserved 1048576K
Event: 5.191 GC heap after
Heap after GC invocations=12 (full 2):
 PSYoungGen      total 192000K, used 0K [0x00000000eb000000, 0x00000000f7d00000, 0x0000000100000000)
  eden space 182272K, 0% used [0x00000000eb000000,0x00000000eb000000,0x00000000f6200000)
  from space 9728K, 0% used [0x00000000f6c80000,0x00000000f6c80000,0x00000000f7600000)
  to   space 10752K, 0% used [0x00000000f6200000,0x00000000f6200000,0x00000000f6c80000)
 ParOldGen       total 41984K, used 15321K [0x00000000c1000000, 0x00000000c3900000, 0x00000000eb000000)
  object space 41984K, 36% used [0x00000000c1000000,0x00000000c1ef6570,0x00000000c3900000)
 Metaspace       used 34079K, capacity 35280K, committed 35496K, reserved 1081344K
  class space    used 4339K, capacity 4570K, committed 4656K, reserved 1048576K
}
Event: 6.934 GC heap before
{Heap before GC invocations=13 (full 2):
 PSYoungGen      total 192000K, used 182272K [0x00000000eb000000, 0x00000000f7d00000, 0x0000000100000000)
  eden space 182272K, 100% used [0x00000000eb000000,0x00000000f6200000,0x00000000f6200000)
  from space 9728K, 0% used [0x00000000f6c80000,0x00000000f6c80000,0x00000000f7600000)
  to   space 10752K, 0% used [0x00000000f6200000,0x00000000f6200000,0x00000000f6c80000)
 ParOldGen       total 41984K, used 15321K [0x00000000c1000000, 0x00000000c3900000, 0x00000000eb000000)
  object space 41984K, 36% used [0x00000000c1000000,0x00000000c1ef6570,0x00000000c3900000)
 Metaspace       used 46638K, capacity 48458K, committed 48688K, reserved 1091584K
  class space    used 6249K, capacity 6595K, committed 6704K, reserved 1048576K
Event: 6.948 GC heap after
Heap after GC invocations=13 (full 2):
 PSYoungGen      total 193024K, used 10728K [0x00000000eb000000, 0x00000000fcc80000, 0x0000000100000000)
  eden space 182272K, 0% used [0x00000000eb000000,0x00000000eb000000,0x00000000f6200000)
  from space 10752K, 99% used [0x00000000f6200000,0x00000000f6c7a2d0,0x00000000f6c80000)
  to   space 13824K, 0% used [0x00000000fbf00000,0x00000000fbf00000,0x00000000fcc80000)
 ParOldGen       total 41984K, used 19161K [0x00000000c1000000, 0x00000000c3900000, 0x00000000eb000000)
  object space 41984K, 45% used [0x00000000c1000000,0x00000000c22b65d8,0x00000000c3900000)
 Metaspace       used 46638K, capacity 48458K, committed 48688K, reserved 1091584K
  class space    used 6249K, capacity 6595K, committed 6704K, reserved 1048576K
}

