# JRE version: Java(TM) SE Runtime Environment (8.0_172-b11) (build 1.8.0_172-b11)
# Java VM: Java HotSpot(TM) 64-Bit Server VM (25.172-b11 mixed mode windows-amd64 compressed oops)
Heap:
 PSYoungGen      total 202240K, used 200150K [0x00000000eb000000, 0x00000000f8380000, 0x0000000100000000)
  eden space 191488K, 98% used [0x00000000eb000000,0x00000000f68f9be0,0x00000000f6b00000)
  from space 10752K, 99% used [0x00000000f6b00000,0x00000000f757bd00,0x00000000f7580000)
  to   space 9728K, 0% used [0x00000000f7580000,0x00000000f7580000,0x00000000f7f00000)
 ParOldGen       total 39936K, used 19032K [0x00000000c1000000, 0x00000000c3700000, 0x00000000eb000000)
  object space 39936K, 47% used [0x00000000c1000000,0x00000000c2296380,0x00000000c3700000)
 Metaspace       used 53125K, capacity 55418K, committed 55680K, reserved 1099776K
  class space    used 7063K, capacity 7483K, committed 7552K, reserved 1048576K
GC Heap History (10 events):
Event: 6.481 GC heap before
{Heap before GC invocations=9 (full 1):
 PSYoungGen      total 71680K, used 64512K [0x00000000eb000000, 0x00000000f3c00000, 0x0000000100000000)
  eden space 64512K, 100% used [0x00000000eb000000,0x00000000eef00000,0x00000000eef00000)
  from space 7168K, 0% used [0x00000000eef00000,0x00000000eef00000,0x00000000ef600000)
  to   space 7168K, 0% used [0x00000000f3500000,0x00000000f3500000,0x00000000f3c00000)
 ParOldGen       total 25600K, used 5083K [0x00000000c1000000, 0x00000000c2900000, 0x00000000eb000000)
  object space 25600K, 19% used [0x00000000c1000000,0x00000000c14f6ec0,0x00000000c2900000)
 Metaspace       used 23903K, capacity 24530K, committed 24832K, reserved 1071104K
  class space    used 3060K, capacity 3221K, committed 3328K, reserved 1048576K
Event: 6.487 GC heap after
Heap after GC invocations=9 (full 1):
 PSYoungGen      total 129024K, used 4440K [0x00000000eb000000, 0x00000000f3980000, 0x0000000100000000)
  eden space 124416K, 0% used [0x00000000eb000000,0x00000000eb000000,0x00000000f2980000)
  from space 4608K, 96% used [0x00000000f3500000,0x00000000f39563d0,0x00000000f3980000)
  to   space 7168K, 0% used [0x00000000f2b80000,0x00000000f2b80000,0x00000000f3280000)
 ParOldGen       total 25600K, used 5083K [0x00000000c1000000, 0x00000000c2900000, 0x00000000eb000000)
  object space 25600K, 19% used [0x00000000c1000000,0x00000000c14f6ec0,0x00000000c2900000)
 Metaspace       used 23903K, capacity 24530K, committed 24832K, reserved 1071104K
  class space    used 3060K, capacity 3221K, committed 3328K, reserved 1048576K
}
Event: 8.988 GC heap before
{Heap before GC invocations=10 (full 1):
 PSYoungGen      total 129024K, used 128856K [0x00000000eb000000, 0x00000000f3980000, 0x0000000100000000)
  eden space 124416K, 100% used [0x00000000eb000000,0x00000000f2980000,0x00000000f2980000)
  from space 4608K, 96% used [0x00000000f3500000,0x00000000f39563d0,0x00000000f3980000)
  to   space 7168K, 0% used [0x00000000f2b80000,0x00000000f2b80000,0x00000000f3280000)
 ParOldGen       total 25600K, used 5083K [0x00000000c1000000, 0x00000000c2900000, 0x00000000eb000000)
  object space 25600K, 19% used [0x00000000c1000000,0x00000000c14f6ec0,0x00000000c2900000)
 Metaspace       used 30417K, capacity 31494K, committed 31616K, reserved 1077248K
  class space    used 3913K, capacity 4143K, committed 4224K, reserved 1048576K
Event: 9.001 GC heap after
Heap after GC invocations=10 (full 1):
 PSYoungGen      total 133632K, used 7138K [0x00000000eb000000, 0x00000000f7f00000, 0x0000000100000000)
  eden space 126464K, 0% used [0x00000000eb000000,0x00000000eb000000,0x00000000f2b80000)
  from space 7168K, 99% used [0x00000000f2b80000,0x00000000f3278b88,0x00000000f3280000)
  to   space 9728K, 0% used [0x00000000f7580000,0x00000000f7580000,0x00000000f7f00000)
 ParOldGen       total 25600K, used 9180K [0x00000000c1000000, 0x00000000c2900000, 0x00000000eb000000)
  object space 25600K, 35% used [0x00000000c1000000,0x00000000c18f70e0,0x00000000c2900000)
 Metaspace       used 30417K, capacity 31494K, committed 31616K, reserved 1077248K
  class space    used 3913K, capacity 4143K, committed 4224K, reserved 1048576K
}
Event: 9.535 GC heap before
{Heap before GC invocations=11 (full 1):
 PSYoungGen      total 133632K, used 41347K [0x00000000eb000000, 0x00000000f7f00000, 0x0000000100000000)
  eden space 126464K, 27% used [0x00000000eb000000,0x00000000ed1681d0,0x00000000f2b80000)
  from space 7168K, 99% used [0x00000000f2b80000,0x00000000f3278b88,0x00000000f3280000)
  to   space 9728K, 0% used [0x00000000f7580000,0x00000000f7580000,0x00000000f7f00000)
 ParOldGen       total 25600K, used 9180K [0x00000000c1000000, 0x00000000c2900000, 0x00000000eb000000)
  object space 25600K, 35% used [0x00000000c1000000,0x00000000c18f70e0,0x00000000c2900000)
 Metaspace       used 34123K, capacity 35328K, committed 35416K, reserved 1081344K
  class space    used 4315K, capacity 4568K, committed 4608K, reserved 1048576K
Event: 9.545 GC heap after
Heap after GC invocations=11 (full 1):
 PSYoungGen      total 201216K, used 8957K [0x00000000eb000000, 0x00000000f8380000, 0x0000000100000000)
  eden space 191488K, 0% used [0x00000000eb000000,0x00000000eb000000,0x00000000f6b00000)
  from space 9728K, 92% used [0x00000000f7580000,0x00000000f7e3f410,0x00000000f7f00000)
  to   space 10752K, 0% used [0x00000000f6b00000,0x00000000f6b00000,0x00000000f7580000)
 ParOldGen       total 25600K, used 10262K [0x00000000c1000000, 0x00000000c2900000, 0x00000000eb000000)
  object space 25600K, 40% used [0x00000000c1000000,0x00000000c1a05818,0x00000000c2900000)
 Metaspace       used 34123K, capacity 35328K, committed 35416K, reserved 1081344K
  class space    used 4315K, capacity 4568K, committed 4608K, reserved 1048576K
}
Event: 9.545 GC heap before
{Heap before GC invocations=12 (full 2):
 PSYoungGen      total 201216K, used 8957K [0x00000000eb000000, 0x00000000f8380000, 0x0000000100000000)
  eden space 191488K, 0% used [0x00000000eb000000,0x00000000eb000000,0x00000000f6b00000)
  from space 9728K, 92% used [0x00000000f7580000,0x00000000f7e3f410,0x00000000f7f00000)
  to   space 10752K, 0% used [0x00000000f6b00000,0x00000000f6b00000,0x00000000f7580000)
 ParOldGen       total 25600K, used 10262K [0x00000000c1000000, 0x00000000c2900000, 0x00000000eb000000)
  object space 25600K, 40% used [0x00000000c1000000,0x00000000c1a05818,0x00000000c2900000)
 Metaspace       used 34123K, capacity 35328K, committed 35416K, reserved 1081344K
  class space    used 4315K, capacity 4568K, committed 4608K, reserved 1048576K
Event: 9.598 GC heap after
Heap after GC invocations=12 (full 2):
 PSYoungGen      total 201216K, used 0K [0x00000000eb000000, 0x00000000f8380000, 0x0000000100000000)
  eden space 191488K, 0% used [0x00000000eb000000,0x00000000eb000000,0x00000000f6b00000)
  from space 9728K, 0% used [0x00000000f7580000,0x00000000f7580000,0x00000000f7f00000)
  to   space 10752K, 0% used [0x00000000f6b00000,0x00000000f6b00000,0x00000000f7580000)
 ParOldGen       total 39936K, used 14671K [0x00000000c1000000, 0x00000000c3700000, 0x00000000eb000000)
  object space 39936K, 36% used [0x00000000c1000000,0x00000000c1e53ea8,0x00000000c3700000)
 Metaspace       used 34121K, capacity 35322K, committed 35416K, reserved 1081344K
  class space    used 4314K, capacity 4567K, committed 4608K, reserved 1048576K
}
Event: 12.053 GC heap before
{Heap before GC invocations=13 (full 2):
 PSYoungGen      total 201216K, used 191488K [0x00000000eb000000, 0x00000000f8380000, 0x0000000100000000)
  eden space 191488K, 100% used [0x00000000eb000000,0x00000000f6b00000,0x00000000f6b00000)
  from space 9728K, 0% used [0x00000000f7580000,0x00000000f7580000,0x00000000f7f00000)
  to   space 10752K, 0% used [0x00000000f6b00000,0x00000000f6b00000,0x00000000f7580000)
 ParOldGen       total 39936K, used 14671K [0x00000000c1000000, 0x00000000c3700000, 0x00000000eb000000)
  object space 39936K, 36% used [0x00000000c1000000,0x00000000c1e53ea8,0x00000000c3700000)
 Metaspace       used 47366K, capacity 49098K, committed 49408K, reserved 1091584K
  class space    used 6271K, capacity 6595K, committed 6656K, reserved 1048576K
Event: 12.068 GC heap after
Heap after GC invocations=13 (full 2):
 PSYoungGen      total 202240K, used 10735K [0x00000000eb000000, 0x00000000f8380000, 0x0000000100000000)
  eden space 191488K, 0% used [0x00000000eb000000,0x00000000eb000000,0x00000000f6b00000)
  from space 10752K, 99% used [0x00000000f6b00000,0x00000000f757bd00,0x00000000f7580000)
  to   space 9728K, 0% used [0x00000000f7580000,0x00000000f7580000,0x00000000f7f00000)
 ParOldGen       total 39936K, used 19032K [0x00000000c1000000, 0x00000000c3700000, 0x00000000eb000000)
  object space 39936K, 47% used [0x00000000c1000000,0x00000000c2296380,0x00000000c3700000)
 Metaspace       used 47366K, capacity 49098K, committed 49408K, reserved 1091584K
  class space    used 6271K, capacity 6595K, committed 6656K, reserved 1048576K
}

